mktextfm pplr7t
mktextfm pplb7t
mktextfm nullfont
mktextfm phvb7t
mktextfm nullfont
mktextfm phvb7t
mktextfm nullfont
mktextfm phvb7t
mktextfm nullfont
mktextfm phvr7t
mktextfm pplrc7t
mktextfm pplrc7t
mktextfm pplbc7t
mktextfm nullfont
mktextfm pplbc7t
mktextfm nullfont
mktextfm pplr7t
mktextfm phvb7t
mktextfm nullfont
mktextfm pplr7t
mktextfm pplb7t
mktextfm nullfont
mktextfm pplr7t
mktextfm pplb7t
mktextfm nullfont
mktextfm pplb7t
mktextfm nullfont
mktextfm pcrr7t
mktextfm pplr7t
mktextfm pplr7t
mktextfm pplb7t
mktextfm nullfont
mktextfm pplri7t
mktextfm pcrb7t
mktextfm nullfont
mktextfm pplbi7t
mktextfm nullfont
mktextfm pplr7t
mktextfm pcrr7t
mktextfm pplro7t
mktextfm pplr7t
mktextfm pcrr7t
mktextfm pplbo7t
mktextfm nullfont
mktextfm pplbo7t
mktextfm nullfont
mktextfm phvr7t
mktextfm phvr7t
mktextfm phvr7t
mktextfm phvr7t
mktextfm phvr7t
mktextfm pplb7t
mktextfm nullfont
mktextfm pplb7t
mktextfm nullfont
mktextfm pplbi7t
mktextfm nullfont
mktextfm pplr7t
mktextfm pplb7t
mktextfm nullfont
mktextfm phvb7t
mktextfm nullfont
mktextfm phvb7t
mktextfm nullfont
mktextfm phvb7t
mktextfm nullfont
mktextfm phvr7t
mktextfm pplrc7t
mktextfm pplrc7t
mktextfm pplbc7t
mktextfm nullfont
mktextfm pplbc7t
mktextfm nullfont
mktextfm pplr7t
mktextfm phvb7t
mktextfm nullfont
mktextfm pplr7t
mktextfm pplb7t
mktextfm nullfont
mktextfm pplr7t
mktextfm pplb7t
mktextfm nullfont
mktextfm pplb7t
mktextfm nullfont
mktextfm pcrr7t
mktextfm pplr7t
mktextfm pplr7t
mktextfm pplb7t
mktextfm nullfont
mktextfm pplri7t
mktextfm pcrb7t
mktextfm nullfont
mktextfm pplbi7t
mktextfm nullfont
mktextfm pplr7t
mktextfm pcrr7t
mktextfm pplro7t
mktextfm pplr7t
mktextfm pcrr7t
mktextfm pplbo7t
mktextfm nullfont
mktextfm pplbo7t
mktextfm nullfont
mktextfm phvr7t
mktextfm phvr7t
mktextfm phvr7t
mktextfm phvr7t
mktextfm phvr7t
mktextfm pplb7t
mktextfm nullfont
mktextfm pplb7t
mktextfm nullfont
mktextfm pplbi7t
mktextfm nullfont
mktextfm pplr7t
mktextfm pplb7t
mktextfm nullfont
mktextfm phvb7t
mktextfm nullfont
mktextfm phvb7t
mktextfm nullfont
mktextfm phvb7t
mktextfm nullfont
mktextfm phvr7t
mktextfm pplrc7t
mktextfm pplrc7t
mktextfm pplbc7t
mktextfm nullfont
mktextfm pplbc7t
mktextfm nullfont
mktextfm pplr7t
mktextfm phvb7t
mktextfm nullfont
mktextfm pplr7t
mktextfm pplb7t
mktextfm nullfont
mktextfm pplr7t
mktextfm pplb7t
mktextfm nullfont
mktextfm pplb7t
mktextfm nullfont
mktextfm pcrr7t
mktextfm pplr7t
mktextfm pplr7t
mktextfm pplb7t
mktextfm nullfont
mktextfm pplri7t
mktextfm pcrb7t
mktextfm nullfont
mktextfm pplbi7t
mktextfm nullfont
mktextfm pplr7t
mktextfm pcrr7t
mktextfm pplro7t
mktextfm pplr7t
mktextfm pcrr7t
mktextfm pplbo7t
mktextfm nullfont
mktextfm pplbo7t
mktextfm nullfont
mktextfm phvr7t
mktextfm phvr7t
mktextfm phvr7t
mktextfm phvr7t
mktextfm phvr7t
mktextfm pplb7t
mktextfm nullfont
mktextfm pplb7t
mktextfm nullfont
mktextfm pplbi7t
mktextfm nullfont
mktextfm pplr7t
mktextfm pplb7t
mktextfm nullfont
mktextfm phvb7t
mktextfm nullfont
mktextfm phvb7t
mktextfm nullfont
mktextfm phvb7t
mktextfm nullfont
mktextfm phvr7t
mktextfm pplrc7t
mktextfm pplrc7t
mktextfm pplbc7t
mktextfm nullfont
mktextfm pplbc7t
mktextfm nullfont
mktextfm pplr7t
mktextfm phvb7t
mktextfm nullfont
mktextfm pplr7t
mktextfm pplb7t
mktextfm nullfont
mktextfm pplr7t
mktextfm pplb7t
mktextfm nullfont
mktextfm pplb7t
mktextfm nullfont
mktextfm pcrr7t
mktextfm pplr7t
mktextfm pplr7t
mktextfm pplb7t
mktextfm nullfont
mktextfm pplri7t
mktextfm pcrb7t
mktextfm nullfont
mktextfm pplbi7t
mktextfm nullfont
mktextfm pplr7t
mktextfm pcrr7t
mktextfm pplro7t
mktextfm pplr7t
mktextfm pcrr7t
mktextfm pplbo7t
mktextfm nullfont
mktextfm pplbo7t
mktextfm nullfont
mktextfm phvr7t
mktextfm phvr7t
mktextfm phvr7t
mktextfm phvr7t
mktextfm phvr7t
mktextfm pplb7t
mktextfm nullfont
mktextfm pplb7t
mktextfm nullfont
mktextfm pplbi7t
mktextfm nullfont
mktextfm pplr7t
mktextfm pplb7t
mktextfm nullfont
mktextfm phvb7t
mktextfm nullfont
mktextfm phvb7t
mktextfm nullfont
mktextfm phvb7t
mktextfm nullfont
mktextfm phvr7t
mktextfm pplrc7t
mktextfm pplrc7t
mktextfm pplbc7t
mktextfm nullfont
mktextfm pplbc7t
mktextfm nullfont
mktextfm pplr7t
mktextfm phvb7t
mktextfm nullfont
mktextfm pplr7t
mktextfm pplb7t
mktextfm nullfont
mktextfm pplr7t
mktextfm pplb7t
mktextfm nullfont
mktextfm pplb7t
mktextfm nullfont
mktextfm pcrr7t
mktextfm pplr7t
mktextfm pplr7t
mktextfm pplb7t
mktextfm nullfont
mktextfm pplri7t
mktextfm pcrb7t
mktextfm nullfont
mktextfm pplbi7t
mktextfm nullfont
mktextfm pplr7t
mktextfm pcrr7t
mktextfm pplro7t
mktextfm pplr7t
mktextfm pcrr7t
mktextfm pplbo7t
mktextfm nullfont
mktextfm pplbo7t
mktextfm nullfont
mktextfm phvr7t
mktextfm phvr7t
mktextfm phvr7t
mktextfm phvr7t
mktextfm phvr7t
mktextfm pplb7t
mktextfm nullfont
mktextfm pplb7t
mktextfm nullfont
mktextfm pplbi7t
mktextfm nullfont
mktextfm pplr7t
mktextfm pplb7t
mktextfm nullfont
mktextfm phvb7t
mktextfm nullfont
mktextfm phvb7t
mktextfm nullfont
mktextfm phvb7t
mktextfm nullfont
mktextfm phvr7t
mktextfm pplrc7t
mktextfm pplrc7t
mktextfm pplbc7t
mktextfm nullfont
mktextfm pplbc7t
mktextfm nullfont
mktextfm pplr7t
mktextfm phvb7t
mktextfm nullfont
mktextfm pplr7t
mktextfm pplb7t
mktextfm nullfont
mktextfm pplr7t
mktextfm pplb7t
mktextfm nullfont
mktextfm pplb7t
mktextfm nullfont
mktextfm pcrr7t
mktextfm pplr7t
mktextfm pplr7t
mktextfm pplb7t
mktextfm nullfont
mktextfm pplri7t
mktextfm pcrb7t
mktextfm nullfont
mktextfm pplbi7t
mktextfm nullfont
mktextfm pplr7t
mktextfm pcrr7t
mktextfm pplro7t
mktextfm pplr7t
mktextfm pcrr7t
mktextfm pplbo7t
mktextfm nullfont
mktextfm pplbo7t
mktextfm nullfont
mktextfm phvr7t
mktextfm phvr7t
mktextfm phvr7t
mktextfm phvr7t
mktextfm phvr7t
mktextfm pplb7t
mktextfm nullfont
mktextfm pplb7t
mktextfm nullfont
mktextfm pplbi7t
mktextfm nullfont
mktextfm pplr7t
mktextfm pplb7t
mktextfm nullfont
mktextfm phvb7t
mktextfm nullfont
mktextfm phvb7t
mktextfm nullfont
mktextfm phvb7t
mktextfm nullfont
mktextfm phvr7t
mktextfm pplrc7t
mktextfm pplrc7t
mktextfm pplbc7t
mktextfm nullfont
mktextfm pplbc7t
mktextfm nullfont
mktextfm pplr7t
mktextfm phvb7t
mktextfm nullfont
mktextfm pplr7t
mktextfm pplb7t
mktextfm nullfont
mktextfm pplr7t
mktextfm pplb7t
mktextfm nullfont
mktextfm pplb7t
mktextfm nullfont
mktextfm pcrr7t
mktextfm pplr7t
mktextfm pplr7t
mktextfm pplb7t
mktextfm nullfont
mktextfm pplri7t
mktextfm pcrb7t
mktextfm nullfont
mktextfm pplbi7t
mktextfm nullfont
mktextfm pplr7t
mktextfm pcrr7t
mktextfm pplro7t
mktextfm pplr7t
mktextfm pcrr7t
mktextfm pplbo7t
mktextfm nullfont
mktextfm pplbo7t
mktextfm nullfont
mktextfm phvr7t
mktextfm phvr7t
mktextfm phvr7t
mktextfm phvr7t
mktextfm phvr7t
mktextfm pplb7t
mktextfm nullfont
mktextfm pplb7t
mktextfm nullfont
mktextfm pplbi7t
mktextfm nullfont
mktexpk --mfmode / --bdpi 600 --mag 2+293/600 --dpi 1493 ari8u
