\BOOKMARK [0][-]{section*.5}{\315ndice general}{}% 1
\BOOKMARK [0][-]{section*.7}{\315ndice de cuadros}{}% 2
\BOOKMARK [0][-]{section*.9}{\315ndice de figuras}{}% 3
\BOOKMARK [0][-]{section*.11}{\315ndice de c\363digo}{}% 4
\BOOKMARK [0][-]{chapter.1}{Introducci\363n}{}% 5
\BOOKMARK [1][-]{section.1.1}{Contexto}{chapter.1}% 6
\BOOKMARK [1][-]{section.1.2}{Definici\363n de objetivos}{chapter.1}% 7
\BOOKMARK [1][-]{section.1.3}{Motivaci\363n}{chapter.1}% 8
\BOOKMARK [1][-]{section.1.4}{Estructura del proyecto}{chapter.1}% 9
\BOOKMARK [0][-]{chapter.2}{Estudio te\363rico}{}% 10
\BOOKMARK [1][-]{section.2.1}{Forex}{chapter.2}% 11
\BOOKMARK [2][-]{subsection.2.1.1}{Estructura}{section.2.1}% 12
\BOOKMARK [2][-]{subsection.2.1.2}{Influencias}{section.2.1}% 13
\BOOKMARK [2][-]{subsection.2.1.3}{Horario de Forex}{section.2.1}% 14
\BOOKMARK [2][-]{subsection.2.1.4}{Indicadores financieros}{section.2.1}% 15
\BOOKMARK [1][-]{section.2.2}{Resoluci\363n del problema}{chapter.2}% 16
\BOOKMARK [2][-]{subsection.2.2.1}{Definici\363n del problema}{section.2.2}% 17
\BOOKMARK [2][-]{subsection.2.2.2}{Clasificaci\363n}{section.2.2}% 18
\BOOKMARK [2][-]{subsection.2.2.3}{Regresi\363n}{section.2.2}% 19
\BOOKMARK [2][-]{subsection.2.2.4}{Aplicaci\363n de la regresi\363n al problema}{section.2.2}% 20
\BOOKMARK [1][-]{section.2.3}{Big Data}{chapter.2}% 21
\BOOKMARK [1][-]{section.2.4}{Deep Learning}{chapter.2}% 22
\BOOKMARK [2][-]{subsection.2.4.1}{Redes neuronales}{section.2.4}% 23
\BOOKMARK [2][-]{subsection.2.4.2}{Funciones de activaci\363n}{section.2.4}% 24
\BOOKMARK [2][-]{subsection.2.4.3}{Arquitectura de una red neuronal}{section.2.4}% 25
\BOOKMARK [2][-]{subsection.2.4.4}{Redes Neuronales Recurrentes}{section.2.4}% 26
\BOOKMARK [2][-]{subsection.2.4.5}{Capas de redes neuronales recurrentes}{section.2.4}% 27
\BOOKMARK [2][-]{subsection.2.4.6}{Redes neuronales convolucionales}{section.2.4}% 28
\BOOKMARK [2][-]{subsection.2.4.7}{Capas de las redes neuronales de convoluci\363n}{section.2.4}% 29
\BOOKMARK [2][-]{subsection.2.4.8}{Capas comunes entre arquitecturas}{section.2.4}% 30
\BOOKMARK [2][-]{subsection.2.4.9}{Entrenamiento de las redes neuronales}{section.2.4}% 31
\BOOKMARK [0][-]{chapter.3}{Dise\361o del sistema}{}% 32
\BOOKMARK [1][-]{section.3.1}{Tecnolog\355as troncales}{chapter.3}% 33
\BOOKMARK [2][-]{subsection.3.1.1}{Python}{section.3.1}% 34
\BOOKMARK [2][-]{subsection.3.1.2}{Docker}{section.3.1}% 35
\BOOKMARK [1][-]{section.3.2}{Productores de datos}{chapter.3}% 36
\BOOKMARK [2][-]{subsection.3.2.1}{Extracci\363n del dato}{section.3.2}% 37
\BOOKMARK [2][-]{subsection.3.2.2}{Env\355o de la informaci\363n}{section.3.2}% 38
\BOOKMARK [2][-]{subsection.3.2.3}{Repetici\363n}{section.3.2}% 39
\BOOKMARK [2][-]{subsection.3.2.4}{Tecnolog\355as utilizadas}{section.3.2}% 40
\BOOKMARK [1][-]{section.3.3}{Procesado y almacenamiento}{chapter.3}% 41
\BOOKMARK [2][-]{subsection.3.3.1}{Recepci\363n}{section.3.3}% 42
\BOOKMARK [2][-]{subsection.3.3.2}{Tratamiento}{section.3.3}% 43
\BOOKMARK [2][-]{subsection.3.3.3}{Almacenamiento}{section.3.3}% 44
\BOOKMARK [2][-]{subsection.3.3.4}{Tecnolog\355as utilizadas}{section.3.3}% 45
\BOOKMARK [1][-]{section.3.4}{Red neuronal}{chapter.3}% 46
\BOOKMARK [2][-]{subsection.3.4.1}{Consideraciones previas}{section.3.4}% 47
\BOOKMARK [2][-]{subsection.3.4.2}{Red Neuronal Recurrente}{section.3.4}% 48
\BOOKMARK [2][-]{subsection.3.4.3}{Red Neuronal Convolucional}{section.3.4}% 49
\BOOKMARK [2][-]{subsection.3.4.4}{Tecnolog\355as utilizadas}{section.3.4}% 50
\BOOKMARK [1][-]{section.3.5}{Monitorizaci\363n}{chapter.3}% 51
\BOOKMARK [2][-]{subsection.3.5.1}{Tecnolog\355as utilizadas}{section.3.5}% 52
\BOOKMARK [0][-]{chapter.4}{Arquitectura del sistema}{}% 53
\BOOKMARK [1][-]{section.4.1}{Apache Spark}{chapter.4}% 54
\BOOKMARK [2][-]{subsection.4.1.1}{Fundamentos de Spark}{section.4.1}% 55
\BOOKMARK [2][-]{subsection.4.1.2}{C\363mo funciona Spark}{section.4.1}% 56
\BOOKMARK [2][-]{subsection.4.1.3}{Modulos de Spark}{section.4.1}% 57
\BOOKMARK [1][-]{section.4.2}{TensorFlow}{chapter.4}% 58
\BOOKMARK [2][-]{subsection.4.2.1}{Grafos}{section.4.2}% 59
\BOOKMARK [2][-]{subsection.4.2.2}{Tensor}{section.4.2}% 60
\BOOKMARK [2][-]{subsection.4.2.3}{Keras}{section.4.2}% 61
\BOOKMARK [1][-]{section.4.3}{Apache Kafka}{chapter.4}% 62
\BOOKMARK [2][-]{subsection.4.3.1}{Broker}{section.4.3}% 63
\BOOKMARK [2][-]{subsection.4.3.2}{Topic}{section.4.3}% 64
\BOOKMARK [2][-]{subsection.4.3.3}{Productor}{section.4.3}% 65
\BOOKMARK [2][-]{subsection.4.3.4}{Consumidor}{section.4.3}% 66
\BOOKMARK [2][-]{subsection.4.3.5}{Zookeeper}{section.4.3}% 67
\BOOKMARK [2][-]{subsection.4.3.6}{Garant\355as}{section.4.3}% 68
\BOOKMARK [0][-]{chapter.5}{An\341lisis del sistema}{}% 69
\BOOKMARK [1][-]{section.5.1}{Data-Driven Application}{chapter.5}% 70
\BOOKMARK [1][-]{section.5.2}{Procesos del sistema}{chapter.5}% 71
\BOOKMARK [1][-]{section.5.3}{Cat\341logo de requisitos}{chapter.5}% 72
\BOOKMARK [2][-]{subsection.5.3.1}{Requisitos generales}{section.5.3}% 73
\BOOKMARK [2][-]{subsection.5.3.2}{Requisitos de informaci\363n}{section.5.3}% 74
\BOOKMARK [2][-]{subsection.5.3.3}{Requisitos funcionales}{section.5.3}% 75
\BOOKMARK [2][-]{subsection.5.3.4}{Requisitos no funcionales}{section.5.3}% 76
\BOOKMARK [1][-]{section.5.4}{Casos de usos}{chapter.5}% 77
\BOOKMARK [1][-]{section.5.5}{Matriz de trazabilidad}{chapter.5}% 78
\BOOKMARK [0][-]{chapter.6}{An\341lisis temporal y costes de desarrollo}{}% 79
\BOOKMARK [1][-]{section.6.1}{Desglose de tareas}{chapter.6}% 80
\BOOKMARK [1][-]{section.6.2}{An\341lisis temporal}{chapter.6}% 81
\BOOKMARK [2][-]{subsection.6.2.1}{Diagrama de Gantt}{section.6.2}% 82
\BOOKMARK [1][-]{section.6.3}{Costes de desarrollo}{chapter.6}% 83
\BOOKMARK [2][-]{subsection.6.3.1}{Recursos de hardware}{section.6.3}% 84
\BOOKMARK [2][-]{subsection.6.3.2}{Recursos de personal}{section.6.3}% 85
\BOOKMARK [2][-]{subsection.6.3.3}{Coste total}{section.6.3}% 86
\BOOKMARK [0][-]{chapter.7}{Manual de usuario}{}% 87
\BOOKMARK [1][-]{section.7.1}{Preparaci\363n del entorno}{chapter.7}% 88
\BOOKMARK [2][-]{subsection.7.1.1}{Requisitos m\355nimos}{section.7.1}% 89
\BOOKMARK [2][-]{subsection.7.1.2}{Entorno}{section.7.1}% 90
\BOOKMARK [1][-]{section.7.2}{Instalaci\363n e implantaci\363n}{chapter.7}% 91
\BOOKMARK [0][-]{chapter.8}{Pruebas}{}% 92
\BOOKMARK [1][-]{section.8.1}{Spark y Kafka}{chapter.8}% 93
\BOOKMARK [1][-]{section.8.2}{Estudio y selecci\363n de hiperpar\341metros de redes neuronales}{chapter.8}% 94
\BOOKMARK [1][-]{section.8.3}{Red Recurrente - EUR/USD - Puesta en producci\363n}{chapter.8}% 95
\BOOKMARK [1][-]{section.8.4}{Red Recurrente - EUR/USD - 24 horas en producci\363n}{chapter.8}% 96
\BOOKMARK [1][-]{section.8.5}{Red Recurrente - BTC/USD - Puesta en producci\363n}{chapter.8}% 97
\BOOKMARK [1][-]{section.8.6}{Red Recurrente - BTC/USD - 24 horas en producci\363n}{chapter.8}% 98
\BOOKMARK [1][-]{section.8.7}{Red Convolucional - EUR/USD - Puesta en producci\363n}{chapter.8}% 99
\BOOKMARK [1][-]{section.8.8}{Red Convolucional - EUR/USD - 24 horas en producci\363n}{chapter.8}% 100
\BOOKMARK [1][-]{section.8.9}{Red Convolucional - BTC/USD - Puesta en producci\363n}{chapter.8}% 101
\BOOKMARK [1][-]{section.8.10}{Red Convolucional - BTC/USD - 24 horas en producci\363n}{chapter.8}% 102
\BOOKMARK [1][-]{section.8.11}{Resultados globales}{chapter.8}% 103
\BOOKMARK [0][-]{chapter.9}{Conclusiones}{}% 104
\BOOKMARK [0][-]{chapter.10}{Desarrollos futuros}{}% 105
\BOOKMARK [0][-]{chapter*.12}{Glosario de t\351rminos}{}% 106
\BOOKMARK [0][-]{chapter*.13}{Referencias}{}% 107
